version: (200506)

available memory: 64M bytes
used memory: 147456 bytes [need 144K bytes if disable swap]

used block: 4 [memory(4) file(0)]
                 [ 8K(2) 64K(2) { total 144K bytes } ]
overhead: (9514) bytes for (4) blocks [Average: (2378) bytes/block]

write  => 0(times) 0K(bytes) [0K bytes to file]
read   => 2(times) 9K(bytes) [2K bytes compressed data from file]
access => 218722(times) 1713M(bytes)
          [hit ratio: 99.9991%]

time: write(0) read(0)  unit: second

swap file directory: (/home/student/Videos/RTL2GDSII/rtl_simulation/verdiLog)
used swap file number: (3)



swap file manager:
arrSize: (256)
idxCnt: (4)
closeHead: (1)
closeTail: (3)
openCnt: (3)
fid(3): fd(1073741825) fileName(/home/student/Videos/RTL2GDSII/rtl_simulation/simv.daidir/kdb.elab++/work.lib++/mux_rtl.v.tdc)
	size(1452) lastModTime(1748843157) curModTime(1748843157)
	mode(rb)	hot(0) cool(2) pos(0)
fid(2): fd(24) fileName(/home/student/Videos/RTL2GDSII/rtl_simulation/verdiLog/_swap_0001#1880993786#6680)
	size(0) lastModTime(0) curModTime(1748863240)
	mode(w+b)	hot(3) cool(1) pos(0)
fid(1): fd(1073741824) fileName(/home/student/Videos/RTL2GDSII/rtl_simulation/simv.daidir/kdb.elab++/work.lib++/mux_tb.v.tdc)
	size(2204) lastModTime(1748843157) curModTime(1748843157)
	mode(rb)	hot(2) cool(0) pos(0)
fid(0): fd(0) fileName(NULL)
	mode(NULL)	hot(0) cool(0) pos(0)
==================================================
mySelf(0x202d4150) pre(0x20825ec0) next((nil))
version(200506)
date(Sep  2 2024 20:32:07)
