#######################################################################################
# log primitive debug message of FSDB dumping                                         #
# This is for R&D to analyze when there are issues happening when FSDB dump           #
#######################################################################################
ANF: vcsd_get_serial_mode_status('./simv: undefined symbol: vcsd_get_serial_mode_status')
ANF: vcsd_enable_sva_success_callback('./simv: undefined symbol: vcsd_enable_sva_success_callback')
ANF: vcsd_disable_sva_success_callback('./simv: undefined symbol: vcsd_disable_sva_success_callback')
ANF: vcsd_get_power_scope_name('./simv: undefined symbol: vcsd_get_power_scope_name')
ANF: vcsd_begin_no_value_var_info('./simv: undefined symbol: vcsd_begin_no_value_var_info')
ANF: vcsd_end_no_value_var_info('./simv: undefined symbol: vcsd_end_no_value_var_info')
ANF: vcsd_remove_xprop_merge_mode_callback('./simv: undefined symbol: vcsd_remove_xprop_merge_mode_callback')
ANF: vhpi_get_cb_info('./simv: undefined symbol: vhpi_get_cb_info')
ANF: vhpi_free_handle('./simv: undefined symbol: vhpi_free_handle')
ANF: vhpi_fetch_vcsd_handle('./simv: undefined symbol: vhpi_fetch_vcsd_handle')
ANF: vhpi_fetch_vpi_handle('./simv: undefined symbol: vhpi_fetch_vpi_handle')
ANF: vhpi_has_verilog_parent('./simv: undefined symbol: vhpi_has_verilog_parent')
ANF: vhpi_is_verilog_scope('./simv: undefined symbol: vhpi_is_verilog_scope')
ANF: scsd_xprop_is_enabled('./simv: undefined symbol: scsd_xprop_is_enabled')
ANF: scsd_xprop_sig_is_promoted('./simv: undefined symbol: scsd_xprop_sig_is_promoted')
ANF: scsd_xprop_int_xvalue('./simv: undefined symbol: scsd_xprop_int_xvalue')
ANF: scsd_xprop_bool_xvalue('./simv: undefined symbol: scsd_xprop_bool_xvalue')
ANF: scsd_xprop_enum_xvalue('./simv: undefined symbol: scsd_xprop_enum_xvalue')
ANF: scsd_xprop_register_merge_mode_cb('./simv: undefined symbol: scsd_xprop_register_merge_mode_cb')
ANF: scsd_xprop_delete_merge_mode_cb('./simv: undefined symbol: scsd_xprop_delete_merge_mode_cb')
ANF: scsd_xprop_get_merge_mode('./simv: undefined symbol: scsd_xprop_get_merge_mode')
ANF: scsd_thread_get_info('./simv: undefined symbol: scsd_thread_get_info')
ANF: scsd_thread_vc_init('./simv: undefined symbol: scsd_thread_vc_init')
ANF: scsd_master_set_delta_sync_cbk('./simv: undefined symbol: scsd_master_set_delta_sync_cbk')
ANF: scsd_fgp_get_fsdb_cores('./simv: undefined symbol: scsd_fgp_get_fsdb_cores')
ANF: scsd_fgp_get_is_cpu_affinity_disabled('./simv: undefined symbol: scsd_fgp_get_is_cpu_affinity_disabled')
ANF: vhdi_dt_get_type('./simv: undefined symbol: vhdi_dt_get_type')
ANF: vhdi_dt_get_key('./simv: undefined symbol: vhdi_dt_get_key')
ANF: vhdi_dt_get_vhdl_enum_info('./simv: undefined symbol: vhdi_dt_get_vhdl_enum_info')
ANF: vhdi_dt_get_vhdl_physical_info('./simv: undefined symbol: vhdi_dt_get_vhdl_physical_info')
ANF: vhdi_dt_get_vhdl_array_info('./simv: undefined symbol: vhdi_dt_get_vhdl_array_info')
ANF: vhdi_dt_get_vhdl_record_info('./simv: undefined symbol: vhdi_dt_get_vhdl_record_info')
ANF: vhdi_def_traverse_module('./simv: undefined symbol: vhdi_def_traverse_module')
ANF: vhdi_def_traverse_scope('./simv: undefined symbol: vhdi_def_traverse_scope')
ANF: vhdi_def_traverse_variable('./simv: undefined symbol: vhdi_def_traverse_variable')
ANF: vhdi_def_get_module_id_by_vhpi('./simv: undefined symbol: vhdi_def_get_module_id_by_vhpi')
ANF: vhdi_def_get_handle_by_module_id('./simv: undefined symbol: vhdi_def_get_handle_by_module_id')
ANF: vhdi_def_get_variable_info_by_vhpi('./simv: undefined symbol: vhdi_def_get_variable_info_by_vhpi')
ANF: vhdi_def_free('./simv: undefined symbol: vhdi_def_free')
ANF: vhdi_ist_traverse_scope('./simv: undefined symbol: vhdi_ist_traverse_scope')
ANF: vhdi_ist_traverse_variable('./simv: undefined symbol: vhdi_ist_traverse_variable')
ANF: vhdi_ist_convert_by_vhpi('./simv: undefined symbol: vhdi_ist_convert_by_vhpi')
ANF: vhdi_ist_clone('./simv: undefined symbol: vhdi_ist_clone')
ANF: vhdi_ist_free('./simv: undefined symbol: vhdi_ist_free')
ANF: vhdi_ist_hash_key('./simv: undefined symbol: vhdi_ist_hash_key')
ANF: vhdi_ist_compare('./simv: undefined symbol: vhdi_ist_compare')
ANF: vhdi_ist_get_value_addr('./simv: undefined symbol: vhdi_ist_get_value_addr')
ANF: vhdi_set_scsd_callback('./simv: undefined symbol: vhdi_set_scsd_callback')
ANF: vhdi_cbk_set_force_callback('./simv: undefined symbol: vhdi_cbk_set_force_callback')
ANF: vhdi_trigger_init_force('./simv: undefined symbol: vhdi_trigger_init_force')
ANF: vhdi_ist_check_scsd_callback('./simv: undefined symbol: vhdi_ist_check_scsd_callback')
ANF: vhdi_ist_add_scsd_callback('./simv: undefined symbol: vhdi_ist_add_scsd_callback')
ANF: vhdi_ist_remove_scsd_callback('./simv: undefined symbol: vhdi_ist_remove_scsd_callback')
ANF: vhdi_ist_get_scsd_user_data('./simv: undefined symbol: vhdi_ist_get_scsd_user_data')
ANF: vhdi_add_time_change_callback('./simv: undefined symbol: vhdi_add_time_change_callback')
ANF: vhdi_get_real_value_by_value_addr('./simv: undefined symbol: vhdi_get_real_value_by_value_addr')
ANF: vhdi_get_64_value_by_value_addr('./simv: undefined symbol: vhdi_get_64_value_by_value_addr')
ANF: vhdi_xprop_inst_is_promoted('./simv: undefined symbol: vhdi_xprop_inst_is_promoted')
ANF: vdi_ist_convert_by_vhdi('./simv: undefined symbol: vdi_ist_convert_by_vhdi')
ANF: vhdi_ist_get_module_id('./simv: undefined symbol: vhdi_ist_get_module_id')
ANF: vhdi_refine_foreign_scope_type('./simv: undefined symbol: vhdi_refine_foreign_scope_type')
ANF: vhdi_flush_callback('./simv: undefined symbol: vhdi_flush_callback')
ANF: vhdi_set_orig_name('./simv: undefined symbol: vhdi_set_orig_name')
ANF: vhdi_set_dump_pt('./simv: undefined symbol: vhdi_set_dump_pt')
ANF: vhdi_get_fsdb_option('./simv: undefined symbol: vhdi_get_fsdb_option')
ANF: vhdi_fgp_get_mode('./simv: undefined symbol: vhdi_fgp_get_mode')
ANF: vhdi_node_register_composite_var('./simv: undefined symbol: vhdi_node_register_composite_var')
ANF: vhdi_node_analysis('./simv: undefined symbol: vhdi_node_analysis')
ANF: vhdi_node_id('./simv: undefined symbol: vhdi_node_id')
ANF: vhdi_node_ist_check_scsd_callback('./simv: undefined symbol: vhdi_node_ist_check_scsd_callback')
ANF: vhdi_node_ist_add_scsd_callback('./simv: undefined symbol: vhdi_node_ist_add_scsd_callback')
ANF: vhdi_node_ist_get_value_addr('./simv: undefined symbol: vhdi_node_ist_get_value_addr')
ANF: vhdi_enc_def_traverse_module('./simv: undefined symbol: vhdi_enc_def_traverse_module')
ANF: vhdi_enc_def_traverse_scope('./simv: undefined symbol: vhdi_enc_def_traverse_scope')
ANF: vhdi_enc_def_traverse_variable('./simv: undefined symbol: vhdi_enc_def_traverse_variable')
ANF: vhdi_enc_ist_traverse_scope('./simv: undefined symbol: vhdi_enc_ist_traverse_scope')
ANF: vhdi_enc_ist_traverse_variable('./simv: undefined symbol: vhdi_enc_ist_traverse_variable')
ANF: vhdi_enc_ist_get_module_id('./simv: undefined symbol: vhdi_enc_ist_get_module_id')
ANF: vhdi_enc_def_get_handle_by_module_id('./simv: undefined symbol: vhdi_enc_def_get_handle_by_module_id')
VCS compile option:
 option[0]: ./simv
 option[1]: verdi
 option[2]: /usr/synopsys/vcs/T-2022.06-SP1-1/linux64/bin/vcs1
 option[3]: -Mcc=gcc
 option[4]: -Mcplusplus=g++
 option[5]: -Masflags=
 option[6]: -Mcfl= -pipe -fPIC -O -I/usr/synopsys/vcs/T-2022.06-SP1-1/include 
 option[7]: -Mxllcflags=
 option[8]: -Mxcflags= -pipe -fPIC -I/usr/synopsys/vcs/T-2022.06-SP1-1/include
 option[9]: -Mldflags= -rdynamic 
 option[10]: -Mout=simv
 option[11]: -Mamsrun=
 option[12]: -Mvcsaceobjs=
 option[13]: -Mobjects= /usr/synopsys/vcs/T-2022.06-SP1-1/linux64/lib/libvirsim.so /usr/synopsys/vcs/T-2022.06-SP1-1/linux64/lib/liberrorinf.so /usr/synopsys/vcs/T-2022.06-SP1-1/linux64/lib/libsnpsmalloc.so /usr/synopsys/vcs/T-2022.06-SP1-1/linux64/lib/libvfs.so 
 option[14]: -Mexternalobj=
 option[15]: -Msaverestoreobj=/usr/synopsys/vcs/T-2022.06-SP1-1/linux64/lib/vcs_save_restore_new.o
 option[16]: -Mcrt0=
 option[17]: -Mcrtn=
 option[18]: -Mcsrc=
 option[19]: -Msyslibs=/usr/synopsys/verdi/S-2021.09-SP2-5/share/PLI/VCS/LINUX64/pli.a -ldl 
 option[20]: -full64
 option[21]: -debug_access+all
 option[22]: +vpi
 option[23]: +vcsd1
 option[24]: +itf+/usr/synopsys/vcs/T-2022.06-SP1-1/linux64/lib/vcsdp_lite.tab
 option[25]: -lca
 option[26]: -kdb
 option[27]: -Xufe=2steps
 option[28]: -picarchive
 option[29]: -P
 option[30]: /usr/synopsys/verdi/S-2021.09-SP2-5/share/PLI/VCS/LINUX64/verdi.tab
 option[31]: -fsdb
 option[32]: -gen_obj
 option[33]: full_adder_tb.v
 option[34]: -load
 option[35]: /usr/synopsys/verdi/S-2021.09-SP2-5/share/PLI/VCS/LINUX64/libnovas.so:FSDBDumpCmd
Chronologic Simulation VCS Release T-2022.06-SP1-1_Full64
Linux 3.10.0-1160.105.1.el7.x86_64 #1 SMP Thu Dec 7 15:39:45 UTC 2023 x86_64
CPU cores: 2
Limit information:
======================================
cputime		unlimited
filesize		unlimited
datasize		unlimited
stacksize		8192 kbytes
coredumpsize		0 kbytes
memoryuse		unlimited
vmemoryuse		unlimited
descriptors		4096
memorylocked		64 kbytes
maxproc		4096
======================================
(Special)Runtime environment variables:

Runtime environment variables:
XDG_SESSION_ID=373364
HOSTNAME=trg-setups-1.trg.vlsiexpert.in
SELINUX_ROLE_REQUESTED=
NOVAS_HOME=/usr/synopsys/verdi/S-2021.09-SP2-5
TERM=xterm
SHELL=/bin/bash
HISTSIZE=1000
SSH_CLIENT=103.159.214.189 20078 22
SELINUX_USE_CURRENT_RANGE=
OLDPWD=/home/puneet/RTL2GDSII
SSH_TTY=/dev/pts/21
USER=puneet
LS_COLORS=rs=0:di=01;34:ln=01;36:mh=00:pi=40;33:so=01;35:do=01;35:bd=40;33;01:cd=40;33;01:or=40;31;01:mi=01;05;37;41:su=37;41:sg=30;43:ca=30;41:tw=30;42:ow=34;42:st=37;44:ex=01;32:*.tar=01;31:*.tgz=01;31:*.arc=01;31:*.arj=01;31:*.taz=01;31:*.lha=01;31:*.lz4=01;31:*.lzh=01;31:*.lzma=01;31:*.tlz=01;31:*.txz=01;31:*.tzo=01;31:*.t7z=01;31:*.zip=01;31:*.z=01;31:*.Z=01;31:*.dz=01;31:*.gz=01;31:*.lrz=01;31:*.lz=01;31:*.lzo=01;31:*.xz=01;31:*.bz2=01;31:*.bz=01;31:*.tbz=01;31:*.tbz2=01;31:*.tz=01;31:*.deb=01;31:*.rpm=01;31:*.jar=01;31:*.war=01;31:*.ear=01;31:*.sar=01;31:*.rar=01;31:*.alz=01;31:*.ace=01;31:*.zoo=01;31:*.cpio=01;31:*.7z=01;31:*.rz=01;31:*.cab=01;31:*.jpg=01;35:*.jpeg=01;35:*.gif=01;35:*.bmp=01;35:*.pbm=01;35:*.pgm=01;35:*.ppm=01;35:*.tga=01;35:*.xbm=01;35:*.xpm=01;35:*.tif=01;35:*.tiff=01;35:*.png=01;35:*.svg=01;35:*.svgz=01;35:*.mng=01;35:*.pcx=01;35:*.mov=01;35:*.mpg=01;35:*.mpeg=01;35:*.m2v=01;35:*.mkv=01;35:*.webm=01;35:*.ogm=01;35:*.mp4=01;35:*.m4v=01;35:*.mp4v=01;35:*.vob=01;35:*.qt=01;35:*.nuv=01;35:*.wmv=01;35:*.asf=01;35:*.rm=01;35:*.rmvb=01;35:*.flc=01;35:*.avi=01;35:*.fli=01;35:*.flv=01;35:*.gl=01;35:*.dl=01;35:*.xcf=01;35:*.xwd=01;35:*.yuv=01;35:*.cgm=01;35:*.emf=01;35:*.axv=01;35:*.anx=01;35:*.ogv=01;35:*.ogx=01;35:*.aac=01;36:*.au=01;36:*.flac=01;36:*.mid=01;36:*.midi=01;36:*.mka=01;36:*.mp3=01;36:*.mpc=01;36:*.ogg=01;36:*.ra=01;36:*.wav=01;36:*.axa=01;36:*.oga=01;36:*.spx=01;36:*.xspf=01;36:
SNPSLMD_LICENSE_FILE=27020@sws-international.com
MAIL=/var/spool/mail/puneet
PATH=/usr/local/bin:/usr/bin:/usr/local/sbin:/usr/sbin:/opt/.bin:/usr/synopsys/prime/S-2021.06-SP5/bin/:/usr/synopsys/starrc/T-2022.03-SP5/bin:/usr/synopsys/hspice/T-2022.06/hspice/bin:/usr/synopsys/icvalidator/V-2023.12/bin:/usr/synopsys/wv/S-2021.09-SP2-2/bin:/usr/synopsys/spyglass/T-2022.06-SP1-1/SPYGLASS_HOME/bin/:/usr/synopsys/fm/S-2021.06/bin/:/usr/synopsys/customcompiler/T-2022.06/bin/:/usr/synopsys/fusioncompiler/V-2023.12-SP4/bin/:/usr/synopsys/icc2/S-2021.06-SP5/bin/:/usr/synopsys/primewave/T-2022.06/bin:/opt/ngspice/bin:/usr/synopsys/vcs/T-2022.06-SP1-1/bin:/usr/synopsys/verdi/S-2021.09-SP2-5/bin:/home/puneet/.local/bin:/home/puneet/bin
SNPSLMD_QUEUE=true
VERDI_HOME=/usr/synopsys/verdi/S-2021.09-SP2-5
PWD=/home/puneet/RTL2GDSII/WORK
VCS_HOME=/usr/synopsys/vcs/T-2022.06-SP1-1
LANG=en_US.UTF-8
MODULEPATH=/usr/share/Modules/modulefiles:/etc/modulefiles
LOADEDMODULES=
SELINUX_LEVEL_REQUESTED=
SSH_ASKPASS=/usr/libexec/openssh/gnome-ssh-askpass
HISTCONTROL=ignoredups
SHLVL=1
HOME=/home/puneet
LOGNAME=puneet
XDG_DATA_DIRS=/home/puneet/.local/share/flatpak/exports/share:/var/lib/flatpak/exports/share:/usr/local/share:/usr/share
SSH_CONNECTION=103.159.214.189 20078 172.31.3.26 22
MODULESHOME=/usr/share/Modules
LESSOPEN=||/usr/bin/lesspipe.sh %s
XDG_RUNTIME_DIR=/run/user/1002
DISPLAY=localhost:12.0
BASH_FUNC_module()=() {  eval `/usr/bin/modulecmd bash $*`
}
_=./simv
VCS_PATHMAP_PRELOAD_DONE=1
VCS_STACK_EXEC=true
VCS_EXEC_DONE=1
LC_ALL=C
DVE=/usr/synopsys/vcs/T-2022.06-SP1-1/gui/dve
SPECMAN_OUTPUT_TO_TTY=1
FLEXLM_BORROWFILE=/home/puneet/.trg-setups-1.trg.vlsiexpert.in-borrow.txt
Runtime command line arguments:
argv[0]=./simv
argv[1]=verdi
186 profile - 100
          CPU/Mem usage: 0.050 sys,  0.400 user,  263.79M mem
187 Elapsed time:    0:00:02    Tue Oct  1 10:55:32 2024
188 User CPU time used: 0 seconds
189 System CPU time used: 0 seconds
190 pliAppInit
191 [SC]Init: MemoryConsumed=0.00MB ElapsedTime=0hour 0min. 0sec.
192 FSDB_GATE is set.
193 FSDB_RTL is set.
194 FSDB_FIELDTYPE is set.
195 FSDB_ALIAS_ARRAY_ELEM is set to 4294967295.
196 Enable Parallel Dumping.
197 pliAppMiscSet: New Sim Round
198 pliEntryInit
199 LIBSSCORE=found /usr/synopsys/verdi/S-2021.09-SP2-5/share/PLI/lib/LINUXAMD64/libsscore_vcs202109.so through $NOVAS_HOME setting.
200 FSDB Dumper for VCS, Release Verdi_S-2021.09-SP2-5, Linux x86_64/64bit, 09/28/2022
201 (C) 1996 - 2022 by Synopsys, Inc.
202 ***********************************************************************
203 *  ERROR -                                                            *
204 *  The simulator version is newer than the FSDB dumper version which  *
205 *  may cause abnormal behavior, please contact Synopsys support for   *
206 *  assistance.                                                        *
207 ***********************************************************************
208 DVDI_is_vir_unload_enabled is enable
209 FSDB_VCS_ENABLE_NATIVE_VC is enable
210 sps_call_fsdbDumpvars_vd_main at 0 : full_adder_tb.v(17)
211 *Verdi* FSDB WARNING: The FSDB file already exists. Overwriting the FSDB file may crash the programs that are using this file.
212 *Verdi* : Create FSDB file 'novas.fsdb'
213 [spi_vcs_vd_ppi_create_root]: no upf option
214 compile option from '/home/puneet/RTL2GDSII/WORK/simv.daidir/vcs_rebuild'.
215   "vcs '-full64' 'full_adder_tb.v' '-debug_access+all' '-lca' '-kdb' 2>&1"
216 *Verdi* : Begin traversing the scopes, layer (0).
217 *Verdi* : End of traversing.
218 pliAppHDL_DumpVarComplete traverse var: profile - 
          CPU/Mem usage: 0.060 sys,  0.400 user,  364.49M mem
                   incr: 0.010 sys,  0.000 user,  9.00M mem
                   accu: 0.010 sys,  0.000 user,  9.00M mem
              accu incr: 0.010 sys,  0.000 user,  9.00M mem

          Count usage: 17 var,  17 idcode,  11 callback
                 incr: 17 var,  17 idcode,  11 callback
                 accu: 17 var,  17 idcode,  11 callback
            accu incr: 17 var,  17 idcode,  11 callback
219 Elapsed time:    0:00:02    Tue Oct  1 10:55:32 2024
220 User CPU time used: 0 seconds
221 System CPU time used: 0 seconds
222 pliAppHDL_DumpVarComplete: profile - 
          CPU/Mem usage: 0.060 sys,  0.400 user,  365.54M mem
                   incr: 0.000 sys,  0.000 user,  1.05M mem
                   accu: 0.010 sys,  0.000 user,  10.05M mem
              accu incr: 0.000 sys,  0.000 user,  1.05M mem

          Count usage: 17 var,  17 idcode,  11 callback
                 incr: 0 var,  0 idcode,  0 callback
                 accu: 17 var,  17 idcode,  11 callback
            accu incr: 0 var,  0 idcode,  0 callback
223 Elapsed time:    0:00:02    Tue Oct  1 10:55:32 2024
224 User CPU time used: 0 seconds
225 System CPU time used: 0 seconds
226 End of simulation at 160
227 Memory usage: 365.539 M
228 Maximum resident set size: 71 MB
229 Hard page faults: 0
230 Soft page faults: 28480
231 Elapsed time:    0:00:02    Tue Oct  1 10:55:32 2024
232 User CPU time used: 0 seconds
233 System CPU time used: 0 seconds
234 Begin FSDB profile info:
235 FSDB Writer : bc1(45) bcn(28) mtf/stf(0/0)
FSDB Writer elapsed time : flush(0.008795) io wait(0.000000) theadpool wait(0.000000)
FSDB Writer cpu time : MT Compression : 0
236 End FSDB profile info
237 FSDB closed. Name: novas.fsdb Size: 9472
238 Parallel profile     - ProducerThread:1 ConsumerThread:1 Buffer:64MB
239                      - BlockUsed:1 Acquire:94 BufferUsed:1215
240                      - Flush:2 Expand:0 ProducerWait:0 ConsumerWait:0
241                      - MainProducerTime:0.480879587 TotalConsumerTime:0.000000000
242                      - ElapsedTime:0.065792000
243 Producer   0 profile - BlockUsed:1 Acquire:94 BufferUsed:1215
244 Consumer   0 profile - Affinity:-1 CPUTime:0.000000000 LifeTime:0.000000000 (-nan%)
245                      - BlockUsed:1 Acquire:94 BufferUsed:1215
246 SimExit
247 Elapsed time:    0:00:02    Tue Oct  1 10:55:32 2024
248 User CPU time used: 0 seconds
249 System CPU time used: 0 seconds
250 Sim process exit
